<?xml version="1.0" encoding="UTF-8"?>
<testng-results skipped="0" failed="1" total="6" passed="5">
  <reporter-output>
  </reporter-output>
  <suite name="Default suite" duration-ms="95750" started-at="2022-03-15T10:34:25Z" finished-at="2022-03-15T10:36:01Z">
    <groups>
    </groups>
    <test name="Default test" duration-ms="95750" started-at="2022-03-15T10:34:25Z" finished-at="2022-03-15T10:36:01Z">
      <class name="Test.CarriersTest">
        <test-method status="PASS" signature="open_the_LoginPage_Url()[pri:1, instance:Test.CarriersTest@7a92922]" name="open_the_LoginPage_Url" duration-ms="25334" started-at="2022-03-15T16:04:25Z" finished-at="2022-03-15T16:04:50Z">
          <reporter-output>
          </reporter-output>
        </test-method> <!-- open_the_LoginPage_Url -->
        <test-method status="PASS" signature="login()[pri:2, instance:Test.CarriersTest@7a92922]" name="login" duration-ms="7338" started-at="2022-03-15T16:04:50Z" finished-at="2022-03-15T16:04:58Z">
          <reporter-output>
          </reporter-output>
        </test-method> <!-- login -->
        <test-method status="PASS" signature="carriersitmes()[pri:3, instance:Test.CarriersTest@7a92922]" name="carriersitmes" duration-ms="2124" started-at="2022-03-15T16:04:58Z" finished-at="2022-03-15T16:05:00Z">
          <reporter-output>
          </reporter-output>
        </test-method> <!-- carriersitmes -->
        <test-method status="PASS" signature="Accountspage()[pri:4, instance:Test.CarriersTest@7a92922]" name="Accountspage" duration-ms="10300" started-at="2022-03-15T16:05:00Z" finished-at="2022-03-15T16:05:10Z">
          <reporter-output>
          </reporter-output>
        </test-method> <!-- Accountspage -->
        <test-method status="PASS" signature="Bulkpage()[pri:5, instance:Test.CarriersTest@7a92922]" name="Bulkpage" duration-ms="10527" started-at="2022-03-15T16:05:10Z" finished-at="2022-03-15T16:05:20Z">
          <reporter-output>
          </reporter-output>
        </test-method> <!-- Bulkpage -->
        <test-method status="FAIL" signature="searchclient()[pri:6, instance:Test.CarriersTest@7a92922]" name="searchclient" duration-ms="40100" started-at="2022-03-15T16:05:20Z" finished-at="2022-03-15T16:06:01Z">
          <exception class="org.openqa.selenium.NoSuchElementException">
            <message>
              <![CDATA[no such element: Unable to locate element: {"method":"xpath","selector":"//span[@class="mat-select-placeholder mat-select-min-line ng-tns-c167-21 ng-star-inserted"]"}
  (Session info: chrome=99.0.4844.51)
For documentation on this error, please visit: https://www.seleniumhq.org/exceptions/no_such_element.html
Build info: version: '3.141.59', revision: 'e82be7d358', time: '2018-11-14T08:25:53'
System info: host: 'CSPC182', ip: '172.16.100.125', os.name: 'Windows 10', os.arch: 'amd64', os.version: '10.0', java.version: '1.8.0_321'
Driver info: org.openqa.selenium.chrome.ChromeDriver
Capabilities {acceptInsecureCerts: false, browserName: chrome, browserVersion: 99.0.4844.51, chrome: {chromedriverVersion: 99.0.4844.51 (d537ec02474b5..., userDataDir: C:\Users\QA\AppData\Local\T...}, goog:chromeOptions: {debuggerAddress: localhost:64396}, javascriptEnabled: true, networkConnectionEnabled: false, pageLoadStrategy: normal, platform: WINDOWS, platformName: WINDOWS, proxy: Proxy(), setWindowRect: true, strictFileInteractability: false, timeouts: {implicit: 0, pageLoad: 300000, script: 30000}, unhandledPromptBehavior: dismiss and notify, webauthn:extension:credBlob: true, webauthn:extension:largeBlob: true, webauthn:virtualAuthenticators: true}
Session ID: deb3cb87dffbd551691476f84dac4519
*** Element info: {Using=xpath, value=//span[@class="mat-select-placeholder mat-select-min-line ng-tns-c167-21 ng-star-inserted"]}]]>
            </message>
            <full-stacktrace>
              <![CDATA[org.openqa.selenium.NoSuchElementException: no such element: Unable to locate element: {"method":"xpath","selector":"//span[@class="mat-select-placeholder mat-select-min-line ng-tns-c167-21 ng-star-inserted"]"}
  (Session info: chrome=99.0.4844.51)
For documentation on this error, please visit: https://www.seleniumhq.org/exceptions/no_such_element.html
Build info: version: '3.141.59', revision: 'e82be7d358', time: '2018-11-14T08:25:53'
System info: host: 'CSPC182', ip: '172.16.100.125', os.name: 'Windows 10', os.arch: 'amd64', os.version: '10.0', java.version: '1.8.0_321'
Driver info: org.openqa.selenium.chrome.ChromeDriver
Capabilities {acceptInsecureCerts: false, browserName: chrome, browserVersion: 99.0.4844.51, chrome: {chromedriverVersion: 99.0.4844.51 (d537ec02474b5..., userDataDir: C:\Users\QA\AppData\Local\T...}, goog:chromeOptions: {debuggerAddress: localhost:64396}, javascriptEnabled: true, networkConnectionEnabled: false, pageLoadStrategy: normal, platform: WINDOWS, platformName: WINDOWS, proxy: Proxy(), setWindowRect: true, strictFileInteractability: false, timeouts: {implicit: 0, pageLoad: 300000, script: 30000}, unhandledPromptBehavior: dismiss and notify, webauthn:extension:credBlob: true, webauthn:extension:largeBlob: true, webauthn:virtualAuthenticators: true}
Session ID: deb3cb87dffbd551691476f84dac4519
*** Element info: {Using=xpath, value=//span[@class="mat-select-placeholder mat-select-min-line ng-tns-c167-21 ng-star-inserted"]}
	at sun.reflect.NativeConstructorAccessorImpl.newInstance0(Native Method)
	at sun.reflect.NativeConstructorAccessorImpl.newInstance(Unknown Source)
	at sun.reflect.DelegatingConstructorAccessorImpl.newInstance(Unknown Source)
	at java.lang.reflect.Constructor.newInstance(Unknown Source)
	at org.openqa.selenium.remote.http.W3CHttpResponseCodec.createException(W3CHttpResponseCodec.java:187)
	at org.openqa.selenium.remote.http.W3CHttpResponseCodec.decode(W3CHttpResponseCodec.java:122)
	at org.openqa.selenium.remote.http.W3CHttpResponseCodec.decode(W3CHttpResponseCodec.java:49)
	at org.openqa.selenium.remote.HttpCommandExecutor.execute(HttpCommandExecutor.java:158)
	at org.openqa.selenium.remote.service.DriverCommandExecutor.execute(DriverCommandExecutor.java:83)
	at org.openqa.selenium.remote.RemoteWebDriver.execute(RemoteWebDriver.java:552)
	at org.openqa.selenium.remote.RemoteWebDriver.findElement(RemoteWebDriver.java:323)
	at org.openqa.selenium.remote.RemoteWebDriver.findElementByXPath(RemoteWebDriver.java:428)
	at org.openqa.selenium.By$ByXPath.findElement(By.java:353)
	at org.openqa.selenium.remote.RemoteWebDriver.findElement(RemoteWebDriver.java:315)
	at org.openqa.selenium.support.pagefactory.DefaultElementLocator.findElement(DefaultElementLocator.java:69)
	at org.openqa.selenium.support.pagefactory.internal.LocatingElementHandler.invoke(LocatingElementHandler.java:38)
	at com.sun.proxy.$Proxy6.click(Unknown Source)
	at Page.CarriersPage.selectclients(CarriersPage.java:59)
	at Test.CarriersTest.searchclient(CarriersTest.java:70)
	at sun.reflect.NativeMethodAccessorImpl.invoke0(Native Method)
	at sun.reflect.NativeMethodAccessorImpl.invoke(Unknown Source)
	at sun.reflect.DelegatingMethodAccessorImpl.invoke(Unknown Source)
	at java.lang.reflect.Method.invoke(Unknown Source)
	at org.testng.internal.MethodInvocationHelper.invokeMethod(MethodInvocationHelper.java:86)
	at org.testng.internal.Invoker.invokeMethod(Invoker.java:645)
	at org.testng.internal.Invoker.invokeTestMethod(Invoker.java:822)
	at org.testng.internal.Invoker.invokeTestMethods(Invoker.java:1130)
	at org.testng.internal.TestMethodWorker.invokeTestMethods(TestMethodWorker.java:129)
	at org.testng.internal.TestMethodWorker.run(TestMethodWorker.java:112)
	at org.testng.TestRunner.privateRun(TestRunner.java:782)
	at org.testng.TestRunner.run(TestRunner.java:632)
	at org.testng.SuiteRunner.runTest(SuiteRunner.java:366)
	at org.testng.SuiteRunner.runSequentially(SuiteRunner.java:361)
	at org.testng.SuiteRunner.privateRun(SuiteRunner.java:319)
	at org.testng.SuiteRunner.run(SuiteRunner.java:268)
	at org.testng.SuiteRunnerWorker.runSuite(SuiteRunnerWorker.java:52)
	at org.testng.SuiteRunnerWorker.run(SuiteRunnerWorker.java:86)
	at org.testng.TestNG.runSuitesSequentially(TestNG.java:1244)
	at org.testng.TestNG.runSuitesLocally(TestNG.java:1169)
	at org.testng.TestNG.run(TestNG.java:1064)
	at org.testng.remote.RemoteTestNG.run(RemoteTestNG.java:113)
	at org.testng.remote.RemoteTestNG.initAndRun(RemoteTestNG.java:206)
	at org.testng.remote.RemoteTestNG.main(RemoteTestNG.java:177)
]]>
            </full-stacktrace>
          </exception> <!-- org.openqa.selenium.NoSuchElementException -->
          <reporter-output>
          </reporter-output>
        </test-method> <!-- searchclient -->
      </class> <!-- Test.CarriersTest -->
    </test> <!-- Default test -->
  </suite> <!-- Default suite -->
</testng-results>
